<?xml version="1.0" encoding="UTF-8"?>
<!-- Generated by org.testng.reporters.JUnitReportReporter -->
<testsuite hostname="DESKTOP-SCRB4UF" failures="0" tests="1" name="syne.API.APITest1" time="4.079" errors="0" timestamp="2023-06-27T14:42:49 IST" skipped="0">
  <testcase classname="syne.API.APITest1" name="test1" time="4.079"/>
  <system-out/>
</testsuite> <!-- syne.API.APITest1 -->
